<?xml version="1.0" encoding="UTF-8"?>
<!-- Generated by org.testng.reporters.JUnitXMLReporter -->
<testsuite ignored="0" hostname="LAPTOP-OSSH23AN" failures="0" tests="4" name="PetTests" time="10.304" errors="0" timestamp="2025-06-04T11:54:10 IST">
  <testcase classname="api.test.UserTests2" name="testPostUser" time="3.324"/>
  <testcase classname="api.test.UserTests2" name="testGetUserByName" time="1.564"/>
  <testcase classname="api.test.UserTests2" name="testUpdateUserByName" time="2.911"/>
  <testcase classname="api.test.UserTests2" name="testDeleteUserByName" time="1.469"/>
</testsuite> <!-- PetTests -->
