<?xml version="1.0" encoding="UTF-8"?>
<!-- Generated by org.testng.reporters.JUnitXMLReporter -->
<testsuite ignored="0" hostname="LAPTOP-OSSH23AN" failures="0" tests="4" name="PetTests" time="10.362" errors="0" timestamp="2025-03-15T05:40:29 IST">
  <testcase classname="api.test.UserTests2" name="testPostUser" time="3.4"/>
  <testcase classname="api.test.UserTests2" name="testGetUserByName" time="1.789"/>
  <testcase classname="api.test.UserTests2" name="testUpdateUserByName" time="2.748"/>
  <testcase classname="api.test.UserTests2" name="testDeleteUserByName" time="1.401"/>
</testsuite> <!-- PetTests -->
